<?xml version="1.0" encoding="UTF-8"?>
<!-- Generated by org.testng.reporters.JUnitReportReporter -->
<testsuite hostname="LAPTOP-IO7O6G3K" failures="0" tests="4" name="test.SwagLabHomePageTest" time="15.717" errors="0" timestamp="2024-11-14T19:34:42 IST" skipped="0">
  <testcase classname="test.SwagLabHomePageTest" name="VerfiySortFeatureForAtoZ" time="4.606"/>
  <testcase classname="test.SwagLabHomePageTest" name="VerfiySortFeatureForPriceLowToHigh" time="5.667"/>
  <testcase classname="test.SwagLabHomePageTest" name="VerfiySortFeatureForPriceHighToLow" time="2.600"/>
  <testcase classname="test.SwagLabHomePageTest" name="VerfiySortFeatureForZtoA" time="2.844"/>
</testsuite> <!-- test.SwagLabHomePageTest -->
