<?xml version="1.0" encoding="UTF-8"?>
<!-- Generated by org.testng.reporters.JUnitReportReporter -->
<testsuite hostname="LAPTOP-IO7O6G3K" failures="0" tests="2" name="test.CartTest" time="6.088" errors="0" timestamp="2024-11-14T19:34:42 IST" skipped="0">
  <testcase classname="test.CartTest" name="addProductToCart" time="3.446"/>
  <testcase classname="test.CartTest" name="verifyIfUserIsAbleTOAddProductToCart" time="2.642"/>
</testsuite> <!-- test.CartTest -->
