<?xml version="1.0" encoding="UTF-8"?>
<!-- Generated by org.testng.reporters.JUnitReportReporter -->
<testsuite hostname="LAPTOP-IO7O6G3K" failures="0" tests="2" name="test.SwagLabLoginTest" time="4.782" errors="0" timestamp="2024-11-14T19:34:42 IST" skipped="0">
  <testcase classname="test.SwagLabLoginTest" name="verifyIfUserIsAbleToLoginWithValidCredentials" time="2.534"/>
  <testcase classname="test.SwagLabLoginTest" name="verifyIfWarningMesaageIsDisplayedForLockedUser" time="2.248"/>
</testsuite> <!-- test.SwagLabLoginTest -->
